# JRE version: Java(TM) SE Runtime Environment (8.0_202-b08) (build 1.8.0_202-b08)
# Java VM: Java HotSpot(TM) 64-Bit Server VM (25.202-b08 mixed mode windows-amd64 compressed oops)
Heap:
 PSYoungGen      total 1122304K, used 288587K [0x0000000716f00000, 0x000000076c680000, 0x00000007c0000000)
  eden space 1076224K, 22% used [0x0000000716f00000,0x0000000725eae4e8,0x0000000758a00000)
  from space 46080K, 93% used [0x0000000758a00000,0x000000075b424888,0x000000075b700000)
  to   space 51712K, 0% used [0x0000000769400000,0x0000000769400000,0x000000076c680000)
 ParOldGen       total 557056K, used 101844K [0x00000005c4c00000, 0x00000005e6c00000, 0x0000000716f00000)
  object space 557056K, 18% used [0x00000005c4c00000,0x00000005caf75298,0x00000005e6c00000)
 Metaspace       used 111928K, capacity 118780K, committed 119080K, reserved 1153024K
  class space    used 14400K, capacity 15556K, committed 15664K, reserved 1048576K
GC Heap History (10 events):
Event: 20.769 GC heap before
{Heap before GC invocations=15 (full 3):
 PSYoungGen      total 751104K, used 751073K [0x0000000716f00000, 0x0000000751f00000, 0x00000007c0000000)
  eden space 727552K, 100% used [0x0000000716f00000,0x0000000743580000,0x0000000743580000)
  from space 23552K, 99% used [0x0000000743580000,0x0000000744c78648,0x0000000744c80000)
  to   space 30720K, 0% used [0x0000000750100000,0x0000000750100000,0x0000000751f00000)
 ParOldGen       total 353792K, used 48361K [0x00000005c4c00000, 0x00000005da580000, 0x0000000716f00000)
  object space 353792K, 13% used [0x00000005c4c00000,0x00000005c7b3a740,0x00000005da580000)
 Metaspace       used 80549K, capacity 84142K, committed 84264K, reserved 1122304K
  class space    used 10348K, capacity 11023K, committed 11056K, reserved 1048576K
Event: 20.799 GC heap after
Heap after GC invocations=15 (full 3):
 PSYoungGen      total 916480K, used 25349K [0x0000000716f00000, 0x0000000751a00000, 0x00000007c0000000)
  eden space 890880K, 0% used [0x0000000716f00000,0x0000000716f00000,0x000000074d500000)
  from space 25600K, 99% used [0x0000000750100000,0x00000007519c1530,0x0000000751a00000)
  to   space 32768K, 0% used [0x000000074da00000,0x000000074da00000,0x000000074fa00000)
 ParOldGen       total 353792K, used 64173K [0x00000005c4c00000, 0x00000005da580000, 0x0000000716f00000)
  object space 353792K, 18% used [0x00000005c4c00000,0x00000005c8aab560,0x00000005da580000)
 Metaspace       used 80549K, capacity 84142K, committed 84264K, reserved 1122304K
  class space    used 10348K, capacity 11023K, committed 11056K, reserved 1048576K
}
Event: 25.605 GC heap before
{Heap before GC invocations=16 (full 3):
 PSYoungGen      total 916480K, used 916229K [0x0000000716f00000, 0x0000000751a00000, 0x00000007c0000000)
  eden space 890880K, 100% used [0x0000000716f00000,0x000000074d500000,0x000000074d500000)
  from space 25600K, 99% used [0x0000000750100000,0x00000007519c1530,0x0000000751a00000)
  to   space 32768K, 0% used [0x000000074da00000,0x000000074da00000,0x000000074fa00000)
 ParOldGen       total 353792K, used 64173K [0x00000005c4c00000, 0x00000005da580000, 0x0000000716f00000)
  object space 353792K, 18% used [0x00000005c4c00000,0x00000005c8aab560,0x00000005da580000)
 Metaspace       used 86898K, capacity 90976K, committed 91304K, reserved 1128448K
  class space    used 11074K, capacity 11838K, committed 11952K, reserved 1048576K
Event: 25.639 GC heap after
Heap after GC invocations=16 (full 3):
 PSYoungGen      total 928768K, used 32752K [0x0000000716f00000, 0x000000075e200000, 0x00000007c0000000)
  eden space 896000K, 0% used [0x0000000716f00000,0x0000000716f00000,0x000000074da00000)
  from space 32768K, 99% used [0x000000074da00000,0x000000074f9fc2a0,0x000000074fa00000)
  to   space 44032K, 0% used [0x000000075b700000,0x000000075b700000,0x000000075e200000)
 ParOldGen       total 353792K, used 83134K [0x00000005c4c00000, 0x00000005da580000, 0x0000000716f00000)
  object space 353792K, 23% used [0x00000005c4c00000,0x00000005c9d2fb38,0x00000005da580000)
 Metaspace       used 86898K, capacity 90976K, committed 91304K, reserved 1128448K
  class space    used 11074K, capacity 11838K, committed 11952K, reserved 1048576K
}
Event: 28.456 GC heap before
{Heap before GC invocations=17 (full 3):
 PSYoungGen      total 928768K, used 852822K [0x0000000716f00000, 0x000000075e200000, 0x00000007c0000000)
  eden space 896000K, 91% used [0x0000000716f00000,0x0000000748fd9798,0x000000074da00000)
  from space 32768K, 99% used [0x000000074da00000,0x000000074f9fc2a0,0x000000074fa00000)
  to   space 44032K, 0% used [0x000000075b700000,0x000000075b700000,0x000000075e200000)
 ParOldGen       total 353792K, used 83134K [0x00000005c4c00000, 0x00000005da580000, 0x0000000716f00000)
  object space 353792K, 23% used [0x00000005c4c00000,0x00000005c9d2fb38,0x00000005da580000)
 Metaspace       used 93981K, capacity 98508K, committed 98600K, reserved 1134592K
  class space    used 11858K, capacity 12678K, committed 12720K, reserved 1048576K
Event: 28.492 GC heap after
Heap after GC invocations=17 (full 3):
 PSYoungGen      total 1120256K, used 32161K [0x0000000716f00000, 0x000000075f380000, 0x00000007c0000000)
  eden space 1076224K, 0% used [0x0000000716f00000,0x0000000716f00000,0x0000000758a00000)
  from space 44032K, 73% used [0x000000075b700000,0x000000075d668710,0x000000075e200000)
  to   space 46080K, 0% used [0x0000000758a00000,0x0000000758a00000,0x000000075b700000)
 ParOldGen       total 353792K, used 113497K [0x00000005c4c00000, 0x00000005da580000, 0x0000000716f00000)
  object space 353792K, 32% used [0x00000005c4c00000,0x00000005cbad6720,0x00000005da580000)
 Metaspace       used 93981K, capacity 98508K, committed 98600K, reserved 1134592K
  class space    used 11858K, capacity 12678K, committed 12720K, reserved 1048576K
}
Event: 28.492 GC heap before
{Heap before GC invocations=18 (full 4):
 PSYoungGen      total 1120256K, used 32161K [0x0000000716f00000, 0x000000075f380000, 0x00000007c0000000)
  eden space 1076224K, 0% used [0x0000000716f00000,0x0000000716f00000,0x0000000758a00000)
  from space 44032K, 73% used [0x000000075b700000,0x000000075d668710,0x000000075e200000)
  to   space 46080K, 0% used [0x0000000758a00000,0x0000000758a00000,0x000000075b700000)
 ParOldGen       total 353792K, used 113497K [0x00000005c4c00000, 0x00000005da580000, 0x0000000716f00000)
  object space 353792K, 32% used [0x00000005c4c00000,0x00000005cbad6720,0x00000005da580000)
 Metaspace       used 93981K, capacity 98508K, committed 98600K, reserved 1134592K
  class space    used 11858K, capacity 12678K, committed 12720K, reserved 1048576K
Event: 28.757 GC heap after
Heap after GC invocations=18 (full 4):
 PSYoungGen      total 1120256K, used 0K [0x0000000716f00000, 0x000000075f380000, 0x00000007c0000000)
  eden space 1076224K, 0% used [0x0000000716f00000,0x0000000716f00000,0x0000000758a00000)
  from space 44032K, 0% used [0x000000075b700000,0x000000075b700000,0x000000075e200000)
  to   space 46080K, 0% used [0x0000000758a00000,0x0000000758a00000,0x000000075b700000)
 ParOldGen       total 557056K, used 101836K [0x00000005c4c00000, 0x00000005e6c00000, 0x0000000716f00000)
  object space 557056K, 18% used [0x00000005c4c00000,0x00000005caf73298,0x00000005e6c00000)
 Metaspace       used 93981K, capacity 98508K, committed 98600K, reserved 1134592K
  class space    used 11858K, capacity 12678K, committed 12720K, reserved 1048576K
}
Event: 33.766 GC heap before
{Heap before GC invocations=19 (full 4):
 PSYoungGen      total 1120256K, used 1076224K [0x0000000716f00000, 0x000000075f380000, 0x00000007c0000000)
  eden space 1076224K, 100% used [0x0000000716f00000,0x0000000758a00000,0x0000000758a00000)
  from space 44032K, 0% used [0x000000075b700000,0x000000075b700000,0x000000075e200000)
  to   space 46080K, 0% used [0x0000000758a00000,0x0000000758a00000,0x000000075b700000)
 ParOldGen       total 557056K, used 101836K [0x00000005c4c00000, 0x00000005e6c00000, 0x0000000716f00000)
  object space 557056K, 18% used [0x00000005c4c00000,0x00000005caf73298,0x00000005e6c00000)
 Metaspace       used 107770K, capacity 113330K, committed 113576K, reserved 1148928K
  class space    used 13799K, capacity 14751K, committed 14768K, reserved 1048576K
Event: 33.790 GC heap after
Heap after GC invocations=19 (full 4):
 PSYoungGen      total 1122304K, used 43154K [0x0000000716f00000, 0x000000076c680000, 0x00000007c0000000)
  eden space 1076224K, 0% used [0x0000000716f00000,0x0000000716f00000,0x0000000758a00000)
  from space 46080K, 93% used [0x0000000758a00000,0x000000075b424888,0x000000075b700000)
  to   space 51712K, 0% used [0x0000000769400000,0x0000000769400000,0x000000076c680000)
 ParOldGen       total 557056K, used 101844K [0x00000005c4c00000, 0x00000005e6c00000, 0x0000000716f00000)
  object space 557056K, 18% used [0x00000005c4c00000,0x00000005caf75298,0x00000005e6c00000)
 Metaspace       used 107770K, capacity 113330K, committed 113576K, reserved 1148928K
  class space    used 13799K, capacity 14751K, committed 14768K, reserved 1048576K
}

